topo = -1
[0] C: 0		| OFF: 165
[1] C: 1		| OFF: 1524
[2] C: 5153		| OFF: 607
[3] C: 12785		| OFF: 2023
[4] C: 83785		| OFF: 1687
[5] C: 133801		| OFF: 464
[6] C: 135007		| OFF: 911
[7] C: 135008		| OFF: 311
[8] C: 139185		| OFF: 1208
[9] C: 165937		| OFF: 1367
[10] C: 453442		| OFF: 4
[11] C: 1373769		| OFF: 1840
[12] C: 7082360		| OFF: 1060
[13] C: 13971449		| OFF: 751
topo = 4
[0] C: 1		| OFF: 1524
[1] C: 5153		| OFF: 607
[2] C: 12785		| OFF: 2023
[3] C: 133801		| OFF: 464
[4] C: 135008		| OFF: 311
[5] C: 139185		| OFF: 1208
[6] C: 165937		| OFF: 1367
[7] C: 1373769		| OFF: 1840
[8] C: 7082360		| OFF: 1060
[4 | 161]--> proximo = 911
[911 | 149]--> proximo = 751
[751 | 160]--> proximo = 165
[165 | 146]--> proximo = 1687

[1687 | 153]--> proximo = -1
FIM
ue2
ue4
proximo = 911
ue5
novo topo = 911
aux = 4
ue7
ue8
aux = 161 - tam = 6
novo tamaux = 155, offset = 11
antigo = 911, novo topo = 11
[0] C: 0		| OFF: 4
[1] C: 1		| OFF: 1524
[2] C: 5153		| OFF: 607
[3] C: 12785		| OFF: 2023
[4] C: 133801		| OFF: 464
[5] C: 135008		| OFF: 311
[6] C: 139185		| OFF: 1208
[7] C: 165937		| OFF: 1367
[8] C: 1373769		| OFF: 1840
[9] C: 7082360		| OFF: 1060
[11 | 155]--> proximo = 911
[911 | 149]--> proximo = 751
[751 | 160]--> proximo = 165
[165 | 146]--> proximo = 1687

[1687 | 153]--> proximo = -1
FIM
